

Version:	3.12
CmdLine:	D:\CarCompany\src\main\Automobile\CarCompany.exe --l4j-debug
WOW64:		yes
Working dir:	D:\CarCompany\src\main\Automobile\.
Java min ver:	1.002.000
Java max ver:	1.008.000
64-bit search:	SOFTWARE\JavaSoft\Java Runtime Environment...
Check:		SOFTWARE\JavaSoft\Java Runtime Environment\1.8
Check launcher:	C:\Program Files\Java\jre1.8.0_281\bin\javaw.exe (OK)
Match:		1.008.000
Check:		SOFTWARE\JavaSoft\Java Runtime Environment\1.8.0_261
Ignore:		1.008.000_261
Check:		SOFTWARE\JavaSoft\Java Runtime Environment\1.8.0_271
Ignore:		1.008.000_271
Check:		SOFTWARE\JavaSoft\Java Runtime Environment\1.8.0_281
Ignore:		1.008.000_281
64-bit search:	SOFTWARE\JavaSoft\Java Development Kit...
Check:		SOFTWARE\JavaSoft\Java Development Kit\1.8
Ignore:		1.008.000
Check:		SOFTWARE\JavaSoft\Java Development Kit\1.8.0_261
Ignore:		1.008.000_261
Check:		SOFTWARE\JavaSoft\Java Development Kit\1.8.0_281
Ignore:		1.008.000_281
64-bit search:	SOFTWARE\JavaSoft\JRE...
64-bit search:	SOFTWARE\JavaSoft\JDK...
Check:		SOFTWARE\JavaSoft\JDK\13.0.2
Ignore:		1.013.000_002
Runtime used:	1.008.000 (64-bit)
Launcher:	C:\Program Files\Java\jre1.8.0_281\bin\javaw.exe
Launcher args:	-jar "D:\CarCompany\src\main\Automobile\CarCompany.exe"
Args length:	55/32768 chars
Exit code:	0


Version:	3.12
CmdLine:	D:\CarCompany\src\main\Automobile\CarCompany.exe --l4j-debug
WOW64:		yes
Working dir:	D:\CarCompany\src\main\Automobile\.
Java min ver:	1.002.000
Java max ver:	1.008.000
64-bit search:	SOFTWARE\JavaSoft\Java Runtime Environment...
Check:		SOFTWARE\JavaSoft\Java Runtime Environment\1.8
Check launcher:	C:\Program Files\Java\jre1.8.0_281\bin\javaw.exe (OK)
Match:		1.008.000
Check:		SOFTWARE\JavaSoft\Java Runtime Environment\1.8.0_261
Ignore:		1.008.000_261
Check:		SOFTWARE\JavaSoft\Java Runtime Environment\1.8.0_271
Ignore:		1.008.000_271
Check:		SOFTWARE\JavaSoft\Java Runtime Environment\1.8.0_281
Ignore:		1.008.000_281
64-bit search:	SOFTWARE\JavaSoft\Java Development Kit...
Check:		SOFTWARE\JavaSoft\Java Development Kit\1.8
Ignore:		1.008.000
Check:		SOFTWARE\JavaSoft\Java Development Kit\1.8.0_261
Ignore:		1.008.000_261
Check:		SOFTWARE\JavaSoft\Java Development Kit\1.8.0_281
Ignore:		1.008.000_281
64-bit search:	SOFTWARE\JavaSoft\JRE...
64-bit search:	SOFTWARE\JavaSoft\JDK...
Check:		SOFTWARE\JavaSoft\JDK\13.0.2
Ignore:		1.013.000_002
Runtime used:	1.008.000 (64-bit)
Launcher:	C:\Program Files\Java\jre1.8.0_281\bin\javaw.exe
Launcher args:	-jar "D:\CarCompany\src\main\Automobile\CarCompany.exe"
Args length:	55/32768 chars
Exit code:	0


Version:	3.12
CmdLine:	D:\CarCompany\src\main\Automobile\CarCompany.exe --l4j-debug
WOW64:		yes
Working dir:	D:\CarCompany\src\main\Automobile\.
Java min ver:	1.002.000
Java max ver:	1.008.000
64-bit search:	SOFTWARE\JavaSoft\Java Runtime Environment...
Check:		SOFTWARE\JavaSoft\Java Runtime Environment\1.8
Check launcher:	C:\Program Files\Java\jre1.8.0_281\bin\javaw.exe (OK)
Match:		1.008.000
Check:		SOFTWARE\JavaSoft\Java Runtime Environment\1.8.0_261
Ignore:		1.008.000_261
Check:		SOFTWARE\JavaSoft\Java Runtime Environment\1.8.0_271
Ignore:		1.008.000_271
Check:		SOFTWARE\JavaSoft\Java Runtime Environment\1.8.0_281
Ignore:		1.008.000_281
64-bit search:	SOFTWARE\JavaSoft\Java Development Kit...
Check:		SOFTWARE\JavaSoft\Java Development Kit\1.8
Ignore:		1.008.000
Check:		SOFTWARE\JavaSoft\Java Development Kit\1.8.0_261
Ignore:		1.008.000_261
Check:		SOFTWARE\JavaSoft\Java Development Kit\1.8.0_281
Ignore:		1.008.000_281
64-bit search:	SOFTWARE\JavaSoft\JRE...
64-bit search:	SOFTWARE\JavaSoft\JDK...
Check:		SOFTWARE\JavaSoft\JDK\13.0.2
Ignore:		1.013.000_002
Runtime used:	1.008.000 (64-bit)
Launcher:	C:\Program Files\Java\jre1.8.0_281\bin\javaw.exe
Launcher args:	-jar "D:\CarCompany\src\main\Automobile\CarCompany.exe"
Args length:	55/32768 chars
Exit code:	0


Version:	3.12
CmdLine:	D:\CarCompany\src\main\Automobile\CarCompany.exe --l4j-debug
WOW64:		yes
Working dir:	D:\CarCompany\src\main\Automobile\.
Java min ver:	1.002.000
Java max ver:	1.008.000
64-bit search:	SOFTWARE\JavaSoft\Java Runtime Environment...
Check:		SOFTWARE\JavaSoft\Java Runtime Environment\1.8
Check launcher:	C:\Program Files\Java\jre1.8.0_281\bin\javaw.exe (OK)
Match:		1.008.000
Check:		SOFTWARE\JavaSoft\Java Runtime Environment\1.8.0_261
Ignore:		1.008.000_261
Check:		SOFTWARE\JavaSoft\Java Runtime Environment\1.8.0_271
Ignore:		1.008.000_271
Check:		SOFTWARE\JavaSoft\Java Runtime Environment\1.8.0_281
Ignore:		1.008.000_281
64-bit search:	SOFTWARE\JavaSoft\Java Development Kit...
Check:		SOFTWARE\JavaSoft\Java Development Kit\1.8
Ignore:		1.008.000
Check:		SOFTWARE\JavaSoft\Java Development Kit\1.8.0_261
Ignore:		1.008.000_261
Check:		SOFTWARE\JavaSoft\Java Development Kit\1.8.0_281
Ignore:		1.008.000_281
64-bit search:	SOFTWARE\JavaSoft\JRE...
64-bit search:	SOFTWARE\JavaSoft\JDK...
Check:		SOFTWARE\JavaSoft\JDK\13.0.2
Ignore:		1.013.000_002
Runtime used:	1.008.000 (64-bit)
Launcher:	C:\Program Files\Java\jre1.8.0_281\bin\javaw.exe
Launcher args:	-jar "D:\CarCompany\src\main\Automobile\CarCompany.exe"
Args length:	55/32768 chars
Exit code:	0


Version:	3.12
CmdLine:	D:\CarCompany\src\main\Automobile\CarCompany.exe --l4j-debug
WOW64:		yes
Working dir:	D:\CarCompany\src\main\Automobile\.
Java min ver:	1.002.000
Java max ver:	
64-bit search:	SOFTWARE\JavaSoft\Java Runtime Environment...
Check:		SOFTWARE\JavaSoft\Java Runtime Environment\1.8
Check launcher:	C:\Program Files\Java\jre1.8.0_281\bin\javaw.exe (OK)
Match:		1.008.000
Check:		SOFTWARE\JavaSoft\Java Runtime Environment\1.8.0_261
Check launcher:	C:\Program Files\Java\jre1.8.0_261\bin\javaw.exe (not found)
Ignore:		1.008.000_261
Check:		SOFTWARE\JavaSoft\Java Runtime Environment\1.8.0_271
Check launcher:	C:\Program Files\Java\jre1.8.0_271\bin\javaw.exe (not found)
Ignore:		1.008.000_271
Check:		SOFTWARE\JavaSoft\Java Runtime Environment\1.8.0_281
Check launcher:	C:\Program Files\Java\jre1.8.0_281\bin\javaw.exe (OK)
Match:		1.008.000_281
64-bit search:	SOFTWARE\JavaSoft\Java Development Kit...
Check:		SOFTWARE\JavaSoft\Java Development Kit\1.8
Ignore:		1.008.000
Check:		SOFTWARE\JavaSoft\Java Development Kit\1.8.0_261
Ignore:		1.008.000_261
Check:		SOFTWARE\JavaSoft\Java Development Kit\1.8.0_281
Ignore:		1.008.000_281
64-bit search:	SOFTWARE\JavaSoft\JRE...
64-bit search:	SOFTWARE\JavaSoft\JDK...
Check:		SOFTWARE\JavaSoft\JDK\13.0.2
Check launcher:	D:\java SE development 13\bin\javaw.exe (not found)
Ignore:		1.013.000_002
Runtime used:	1.008.000_281 (64-bit)
Launcher:	C:\Program Files\Java\jre1.8.0_281\bin\javaw.exe
Launcher args:	-jar "D:\CarCompany\src\main\Automobile\CarCompany.exe"
Args length:	55/32768 chars
Exit code:	0


Version:	3.12
CmdLine:	D:\CarCompany\src\main\Automobile\CarCompany.exe --l4j-debug
WOW64:		yes
Working dir:	D:\CarCompany\src\main\Automobile\.
Java min ver:	1.002.000
Java max ver:	
64-bit search:	SOFTWARE\JavaSoft\Java Runtime Environment...
Check:		SOFTWARE\JavaSoft\Java Runtime Environment\1.8
Check launcher:	C:\Program Files\Java\jre1.8.0_281\bin\javaw.exe (OK)
Match:		1.008.000
Check:		SOFTWARE\JavaSoft\Java Runtime Environment\1.8.0_261
Check launcher:	C:\Program Files\Java\jre1.8.0_261\bin\javaw.exe (not found)
Ignore:		1.008.000_261
Check:		SOFTWARE\JavaSoft\Java Runtime Environment\1.8.0_271
Check launcher:	C:\Program Files\Java\jre1.8.0_271\bin\javaw.exe (not found)
Ignore:		1.008.000_271
Check:		SOFTWARE\JavaSoft\Java Runtime Environment\1.8.0_281
Check launcher:	C:\Program Files\Java\jre1.8.0_281\bin\javaw.exe (OK)
Match:		1.008.000_281
64-bit search:	SOFTWARE\JavaSoft\Java Development Kit...
Check:		SOFTWARE\JavaSoft\Java Development Kit\1.8
Ignore:		1.008.000
Check:		SOFTWARE\JavaSoft\Java Development Kit\1.8.0_261
Ignore:		1.008.000_261
Check:		SOFTWARE\JavaSoft\Java Development Kit\1.8.0_281
Ignore:		1.008.000_281
64-bit search:	SOFTWARE\JavaSoft\JRE...
64-bit search:	SOFTWARE\JavaSoft\JDK...
Check:		SOFTWARE\JavaSoft\JDK\13.0.2
Check launcher:	D:\java SE development 13\bin\javaw.exe (not found)
Ignore:		1.013.000_002
Runtime used:	1.008.000_281 (64-bit)
Launcher:	C:\Program Files\Java\jre1.8.0_281\bin\javaw.exe
Launcher args:	-jar "D:\CarCompany\src\main\Automobile\CarCompany.exe"
Args length:	55/32768 chars
Exit code:	0


Version:	3.12
CmdLine:	D:\CarCompany\src\main\Automobile\CarCompany.exe --l4j-debug
WOW64:		yes
Working dir:	D:\CarCompany\src\main\Automobile\.
Java min ver:	1.002.000
Java max ver:	
64-bit search:	SOFTWARE\JavaSoft\Java Runtime Environment...
Check:		SOFTWARE\JavaSoft\Java Runtime Environment\1.8
Check launcher:	C:\Program Files\Java\jre1.8.0_281\bin\javaw.exe (OK)
Match:		1.008.000
Check:		SOFTWARE\JavaSoft\Java Runtime Environment\1.8.0_261
Check launcher:	C:\Program Files\Java\jre1.8.0_261\bin\javaw.exe (not found)
Ignore:		1.008.000_261
Check:		SOFTWARE\JavaSoft\Java Runtime Environment\1.8.0_271
Check launcher:	C:\Program Files\Java\jre1.8.0_271\bin\javaw.exe (not found)
Ignore:		1.008.000_271
Check:		SOFTWARE\JavaSoft\Java Runtime Environment\1.8.0_281
Check launcher:	C:\Program Files\Java\jre1.8.0_281\bin\javaw.exe (OK)
Match:		1.008.000_281
64-bit search:	SOFTWARE\JavaSoft\Java Development Kit...
Check:		SOFTWARE\JavaSoft\Java Development Kit\1.8
Ignore:		1.008.000
Check:		SOFTWARE\JavaSoft\Java Development Kit\1.8.0_261
Ignore:		1.008.000_261
Check:		SOFTWARE\JavaSoft\Java Development Kit\1.8.0_281
Ignore:		1.008.000_281
64-bit search:	SOFTWARE\JavaSoft\JRE...
64-bit search:	SOFTWARE\JavaSoft\JDK...
Check:		SOFTWARE\JavaSoft\JDK\13.0.2
Check launcher:	D:\java SE development 13\bin\javaw.exe (not found)
Ignore:		1.013.000_002
Runtime used:	1.008.000_281 (64-bit)
Launcher:	C:\Program Files\Java\jre1.8.0_281\bin\javaw.exe
Launcher args:	-jar "D:\CarCompany\src\main\Automobile\CarCompany.exe"
Args length:	55/32768 chars
Exit code:	0


Version:	3.12
CmdLine:	D:\CarCompany\src\main\Automobile\CarCompany.exe --l4j-debug
WOW64:		yes
Working dir:	D:\CarCompany\src\main\Automobile\.
Java min ver:	1.002.000
Java max ver:	
64-bit search:	SOFTWARE\JavaSoft\Java Runtime Environment...
Check:		SOFTWARE\JavaSoft\Java Runtime Environment\1.8
Check launcher:	C:\Program Files\Java\jre1.8.0_281\bin\javaw.exe (OK)
Match:		1.008.000
Check:		SOFTWARE\JavaSoft\Java Runtime Environment\1.8.0_261
Check launcher:	C:\Program Files\Java\jre1.8.0_261\bin\javaw.exe (not found)
Ignore:		1.008.000_261
Check:		SOFTWARE\JavaSoft\Java Runtime Environment\1.8.0_271
Check launcher:	C:\Program Files\Java\jre1.8.0_271\bin\javaw.exe (not found)
Ignore:		1.008.000_271
Check:		SOFTWARE\JavaSoft\Java Runtime Environment\1.8.0_281
Check launcher:	C:\Program Files\Java\jre1.8.0_281\bin\javaw.exe (OK)
Match:		1.008.000_281
64-bit search:	SOFTWARE\JavaSoft\Java Development Kit...
Check:		SOFTWARE\JavaSoft\Java Development Kit\1.8
Ignore:		1.008.000
Check:		SOFTWARE\JavaSoft\Java Development Kit\1.8.0_261
Ignore:		1.008.000_261
Check:		SOFTWARE\JavaSoft\Java Development Kit\1.8.0_281
Ignore:		1.008.000_281
64-bit search:	SOFTWARE\JavaSoft\JRE...
64-bit search:	SOFTWARE\JavaSoft\JDK...
Check:		SOFTWARE\JavaSoft\JDK\13.0.2
Check launcher:	D:\java SE development 13\bin\javaw.exe (not found)
Ignore:		1.013.000_002
Runtime used:	1.008.000_281 (64-bit)
Launcher:	C:\Program Files\Java\jre1.8.0_281\bin\javaw.exe
Launcher args:	-jar "D:\CarCompany\src\main\Automobile\CarCompany.exe"
Args length:	55/32768 chars
Exit code:	0


Version:	3.12
CmdLine:	D:\CarCompany\src\main\Automobile\CarCompany.exe --l4j-debug
WOW64:		yes
Working dir:	D:\CarCompany\src\main\Automobile\.
Java min ver:	1.002.000
Java max ver:	
64-bit search:	SOFTWARE\JavaSoft\Java Runtime Environment...
Check:		SOFTWARE\JavaSoft\Java Runtime Environment\1.8
Check launcher:	C:\Program Files\Java\jre1.8.0_281\bin\javaw.exe (OK)
Match:		1.008.000
Check:		SOFTWARE\JavaSoft\Java Runtime Environment\1.8.0_261
Check launcher:	C:\Program Files\Java\jre1.8.0_261\bin\javaw.exe (not found)
Ignore:		1.008.000_261
Check:		SOFTWARE\JavaSoft\Java Runtime Environment\1.8.0_271
Check launcher:	C:\Program Files\Java\jre1.8.0_271\bin\javaw.exe (not found)
Ignore:		1.008.000_271
Check:		SOFTWARE\JavaSoft\Java Runtime Environment\1.8.0_281
Check launcher:	C:\Program Files\Java\jre1.8.0_281\bin\javaw.exe (OK)
Match:		1.008.000_281
64-bit search:	SOFTWARE\JavaSoft\Java Development Kit...
Check:		SOFTWARE\JavaSoft\Java Development Kit\1.8
Ignore:		1.008.000
Check:		SOFTWARE\JavaSoft\Java Development Kit\1.8.0_261
Ignore:		1.008.000_261
Check:		SOFTWARE\JavaSoft\Java Development Kit\1.8.0_281
Ignore:		1.008.000_281
64-bit search:	SOFTWARE\JavaSoft\JRE...
64-bit search:	SOFTWARE\JavaSoft\JDK...
Check:		SOFTWARE\JavaSoft\JDK\13.0.2
Check launcher:	D:\java SE development 13\bin\javaw.exe (not found)
Ignore:		1.013.000_002
Runtime used:	1.008.000_281 (64-bit)
Launcher:	C:\Program Files\Java\jre1.8.0_281\bin\javaw.exe
Launcher args:	-jar "D:\CarCompany\src\main\Automobile\CarCompany.exe"
Args length:	55/32768 chars
Exit code:	0


Version:	3.12
CmdLine:	D:\CarCompany\src\main\Automobile\CarCompany.exe --l4j-debug
WOW64:		yes
Working dir:	D:\CarCompany\src\main\Automobile\.
Java min ver:	1.002.000
Java max ver:	
64-bit search:	SOFTWARE\JavaSoft\Java Runtime Environment...
Check:		SOFTWARE\JavaSoft\Java Runtime Environment\1.8
Check launcher:	C:\Program Files\Java\jre1.8.0_281\bin\javaw.exe (OK)
Match:		1.008.000
Check:		SOFTWARE\JavaSoft\Java Runtime Environment\1.8.0_261
Check launcher:	C:\Program Files\Java\jre1.8.0_261\bin\javaw.exe (not found)
Ignore:		1.008.000_261
Check:		SOFTWARE\JavaSoft\Java Runtime Environment\1.8.0_271
Check launcher:	C:\Program Files\Java\jre1.8.0_271\bin\javaw.exe (not found)
Ignore:		1.008.000_271
Check:		SOFTWARE\JavaSoft\Java Runtime Environment\1.8.0_281
Check launcher:	C:\Program Files\Java\jre1.8.0_281\bin\javaw.exe (OK)
Match:		1.008.000_281
64-bit search:	SOFTWARE\JavaSoft\Java Development Kit...
Check:		SOFTWARE\JavaSoft\Java Development Kit\1.8
Ignore:		1.008.000
Check:		SOFTWARE\JavaSoft\Java Development Kit\1.8.0_261
Ignore:		1.008.000_261
Check:		SOFTWARE\JavaSoft\Java Development Kit\1.8.0_281
Ignore:		1.008.000_281
64-bit search:	SOFTWARE\JavaSoft\JRE...
64-bit search:	SOFTWARE\JavaSoft\JDK...
Check:		SOFTWARE\JavaSoft\JDK\13.0.2
Check launcher:	D:\java SE development 13\bin\javaw.exe (not found)
Ignore:		1.013.000_002
Runtime used:	1.008.000_281 (64-bit)
Launcher:	C:\Program Files\Java\jre1.8.0_281\bin\javaw.exe
Launcher args:	-jar "D:\CarCompany\src\main\Automobile\CarCompany.exe"
Args length:	55/32768 chars
Exit code:	0


Version:	3.12
CmdLine:	D:\CarCompany\src\main\Automobile\CarCompany.exe --l4j-debug
WOW64:		yes
Working dir:	D:\CarCompany\src\main\Automobile\.
Java min ver:	1.002.000
Java max ver:	
64-bit search:	SOFTWARE\JavaSoft\Java Runtime Environment...
Check:		SOFTWARE\JavaSoft\Java Runtime Environment\1.8
Check launcher:	C:\Program Files\Java\jre1.8.0_281\bin\javaw.exe (OK)
Match:		1.008.000
Check:		SOFTWARE\JavaSoft\Java Runtime Environment\1.8.0_261
Check launcher:	C:\Program Files\Java\jre1.8.0_261\bin\javaw.exe (not found)
Ignore:		1.008.000_261
Check:		SOFTWARE\JavaSoft\Java Runtime Environment\1.8.0_271
Check launcher:	C:\Program Files\Java\jre1.8.0_271\bin\javaw.exe (not found)
Ignore:		1.008.000_271
Check:		SOFTWARE\JavaSoft\Java Runtime Environment\1.8.0_281
Check launcher:	C:\Program Files\Java\jre1.8.0_281\bin\javaw.exe (OK)
Match:		1.008.000_281
64-bit search:	SOFTWARE\JavaSoft\Java Development Kit...
Check:		SOFTWARE\JavaSoft\Java Development Kit\1.8
Ignore:		1.008.000
Check:		SOFTWARE\JavaSoft\Java Development Kit\1.8.0_261
Ignore:		1.008.000_261
Check:		SOFTWARE\JavaSoft\Java Development Kit\1.8.0_281
Ignore:		1.008.000_281
64-bit search:	SOFTWARE\JavaSoft\JRE...
64-bit search:	SOFTWARE\JavaSoft\JDK...
Check:		SOFTWARE\JavaSoft\JDK\13.0.2
Check launcher:	D:\java SE development 13\bin\javaw.exe (not found)
Ignore:		1.013.000_002
Runtime used:	1.008.000_281 (64-bit)
Launcher:	C:\Program Files\Java\jre1.8.0_281\bin\javaw.exe
Launcher args:	-jar "D:\CarCompany\src\main\Automobile\CarCompany.exe"
Args length:	55/32768 chars
Exit code:	0


Version:	3.12
CmdLine:	D:\CarCompany\src\main\Automobile\CarCompany.exe --l4j-debug
WOW64:		yes
Working dir:	D:\CarCompany\src\main\Automobile\.
Java min ver:	1.002.000
Java max ver:	
64-bit search:	SOFTWARE\JavaSoft\Java Runtime Environment...
Check:		SOFTWARE\JavaSoft\Java Runtime Environment\1.8
Check launcher:	C:\Program Files\Java\jre1.8.0_281\bin\javaw.exe (OK)
Match:		1.008.000
Check:		SOFTWARE\JavaSoft\Java Runtime Environment\1.8.0_261
Check launcher:	C:\Program Files\Java\jre1.8.0_261\bin\javaw.exe (not found)
Ignore:		1.008.000_261
Check:		SOFTWARE\JavaSoft\Java Runtime Environment\1.8.0_271
Check launcher:	C:\Program Files\Java\jre1.8.0_271\bin\javaw.exe (not found)
Ignore:		1.008.000_271
Check:		SOFTWARE\JavaSoft\Java Runtime Environment\1.8.0_281
Check launcher:	C:\Program Files\Java\jre1.8.0_281\bin\javaw.exe (OK)
Match:		1.008.000_281
64-bit search:	SOFTWARE\JavaSoft\Java Development Kit...
Check:		SOFTWARE\JavaSoft\Java Development Kit\1.8
Ignore:		1.008.000
Check:		SOFTWARE\JavaSoft\Java Development Kit\1.8.0_261
Ignore:		1.008.000_261
Check:		SOFTWARE\JavaSoft\Java Development Kit\1.8.0_281
Ignore:		1.008.000_281
64-bit search:	SOFTWARE\JavaSoft\JRE...
64-bit search:	SOFTWARE\JavaSoft\JDK...
Check:		SOFTWARE\JavaSoft\JDK\13.0.2
Check launcher:	D:\java SE development 13\bin\javaw.exe (not found)
Ignore:		1.013.000_002
Runtime used:	1.008.000_281 (64-bit)
Launcher:	C:\Program Files\Java\jre1.8.0_281\bin\javaw.exe
Launcher args:	-jar "D:\CarCompany\src\main\Automobile\CarCompany.exe"
Args length:	55/32768 chars
Exit code:	0


Version:	3.12
CmdLine:	D:\CarCompany\src\main\Automobile\CarCompany1.exe --l4j-debug
WOW64:		yes
Working dir:	D:\CarCompany\src\main\Automobile\.
Java min ver:	1.002.000
Java max ver:	
64-bit search:	SOFTWARE\JavaSoft\Java Runtime Environment...
Check:		SOFTWARE\JavaSoft\Java Runtime Environment\1.8
Check launcher:	C:\Program Files\Java\jre1.8.0_281\bin\javaw.exe (OK)
Match:		1.008.000
Check:		SOFTWARE\JavaSoft\Java Runtime Environment\1.8.0_261
Check launcher:	C:\Program Files\Java\jre1.8.0_261\bin\javaw.exe (not found)
Ignore:		1.008.000_261
Check:		SOFTWARE\JavaSoft\Java Runtime Environment\1.8.0_271
Check launcher:	C:\Program Files\Java\jre1.8.0_271\bin\javaw.exe (not found)
Ignore:		1.008.000_271
Check:		SOFTWARE\JavaSoft\Java Runtime Environment\1.8.0_281
Check launcher:	C:\Program Files\Java\jre1.8.0_281\bin\javaw.exe (OK)
Match:		1.008.000_281
64-bit search:	SOFTWARE\JavaSoft\Java Development Kit...
Check:		SOFTWARE\JavaSoft\Java Development Kit\1.8
Ignore:		1.008.000
Check:		SOFTWARE\JavaSoft\Java Development Kit\1.8.0_261
Ignore:		1.008.000_261
Check:		SOFTWARE\JavaSoft\Java Development Kit\1.8.0_281
Ignore:		1.008.000_281
64-bit search:	SOFTWARE\JavaSoft\JRE...
64-bit search:	SOFTWARE\JavaSoft\JDK...
Check:		SOFTWARE\JavaSoft\JDK\13.0.2
Check launcher:	D:\java SE development 13\bin\javaw.exe (not found)
Ignore:		1.013.000_002
Runtime used:	1.008.000_281 (64-bit)
Launcher:	C:\Program Files\Java\jre1.8.0_281\bin\javaw.exe
Launcher args:	-jar "D:\CarCompany\src\main\Automobile\CarCompany1.exe"
Args length:	56/32768 chars
Exit code:	0


Version:	3.12
CmdLine:	D:\CarCompany\src\main\Automobile\CarCompany1.exe --l4j-debug
WOW64:		yes
Working dir:	D:\CarCompany\src\main\Automobile\.
Java min ver:	1.002.000
Java max ver:	
64-bit search:	SOFTWARE\JavaSoft\Java Runtime Environment...
Check:		SOFTWARE\JavaSoft\Java Runtime Environment\1.8
Check launcher:	C:\Program Files\Java\jre1.8.0_281\bin\javaw.exe (OK)
Match:		1.008.000
Check:		SOFTWARE\JavaSoft\Java Runtime Environment\1.8.0_261
Check launcher:	C:\Program Files\Java\jre1.8.0_261\bin\javaw.exe (not found)
Ignore:		1.008.000_261
Check:		SOFTWARE\JavaSoft\Java Runtime Environment\1.8.0_271
Check launcher:	C:\Program Files\Java\jre1.8.0_271\bin\javaw.exe (not found)
Ignore:		1.008.000_271
Check:		SOFTWARE\JavaSoft\Java Runtime Environment\1.8.0_281
Check launcher:	C:\Program Files\Java\jre1.8.0_281\bin\javaw.exe (OK)
Match:		1.008.000_281
64-bit search:	SOFTWARE\JavaSoft\Java Development Kit...
Check:		SOFTWARE\JavaSoft\Java Development Kit\1.8
Ignore:		1.008.000
Check:		SOFTWARE\JavaSoft\Java Development Kit\1.8.0_261
Ignore:		1.008.000_261
Check:		SOFTWARE\JavaSoft\Java Development Kit\1.8.0_281
Ignore:		1.008.000_281
64-bit search:	SOFTWARE\JavaSoft\JRE...
64-bit search:	SOFTWARE\JavaSoft\JDK...
Check:		SOFTWARE\JavaSoft\JDK\13.0.2
Check launcher:	D:\java SE development 13\bin\javaw.exe (not found)
Ignore:		1.013.000_002
Runtime used:	1.008.000_281 (64-bit)
Launcher:	C:\Program Files\Java\jre1.8.0_281\bin\javaw.exe
Launcher args:	-jar "D:\CarCompany\src\main\Automobile\CarCompany1.exe"
Args length:	56/32768 chars
Exit code:	0


Version:	3.12
CmdLine:	D:\CarCompany\src\main\Automobile\CarCompany.exe --l4j-debug
WOW64:		yes
Working dir:	D:\CarCompany\src\main\Automobile\.
Java min ver:	1.000.000
Java max ver:	
64-bit search:	SOFTWARE\JavaSoft\Java Runtime Environment...
Check:		SOFTWARE\JavaSoft\Java Runtime Environment\1.8
Check launcher:	C:\Program Files\Java\jre1.8.0_281\bin\javaw.exe (OK)
Match:		1.008.000
Check:		SOFTWARE\JavaSoft\Java Runtime Environment\1.8.0_261
Check launcher:	C:\Program Files\Java\jre1.8.0_261\bin\javaw.exe (not found)
Ignore:		1.008.000_261
Check:		SOFTWARE\JavaSoft\Java Runtime Environment\1.8.0_271
Check launcher:	C:\Program Files\Java\jre1.8.0_271\bin\javaw.exe (not found)
Ignore:		1.008.000_271
Check:		SOFTWARE\JavaSoft\Java Runtime Environment\1.8.0_281
Check launcher:	C:\Program Files\Java\jre1.8.0_281\bin\javaw.exe (OK)
Match:		1.008.000_281
64-bit search:	SOFTWARE\JavaSoft\Java Development Kit...
Check:		SOFTWARE\JavaSoft\Java Development Kit\1.8
Ignore:		1.008.000
Check:		SOFTWARE\JavaSoft\Java Development Kit\1.8.0_261
Ignore:		1.008.000_261
Check:		SOFTWARE\JavaSoft\Java Development Kit\1.8.0_281
Ignore:		1.008.000_281
64-bit search:	SOFTWARE\JavaSoft\JRE...
64-bit search:	SOFTWARE\JavaSoft\JDK...
Check:		SOFTWARE\JavaSoft\JDK\13.0.2
Check launcher:	D:\java SE development 13\bin\javaw.exe (not found)
Ignore:		1.013.000_002
Runtime used:	1.008.000_281 (64-bit)
Launcher:	C:\Program Files\Java\jre1.8.0_281\bin\javaw.exe
Launcher args:	-jar "D:\CarCompany\src\main\Automobile\CarCompany.exe"
Args length:	55/32768 chars
Exit code:	0


Version:	3.12
CmdLine:	D:\CarCompany\src\main\exe_pictures\CarCompany.exe --l4j-debug
WOW64:		yes
Working dir:	D:\CarCompany\src\main\exe_pictures\.
Java min ver:	1.000.000
Java max ver:	
64-bit search:	SOFTWARE\JavaSoft\Java Runtime Environment...
Check:		SOFTWARE\JavaSoft\Java Runtime Environment\1.8
Check launcher:	C:\Program Files\Java\jre1.8.0_281\bin\javaw.exe (OK)
Match:		1.008.000
Check:		SOFTWARE\JavaSoft\Java Runtime Environment\1.8.0_261
Check launcher:	C:\Program Files\Java\jre1.8.0_261\bin\javaw.exe (not found)
Ignore:		1.008.000_261
Check:		SOFTWARE\JavaSoft\Java Runtime Environment\1.8.0_271
Check launcher:	C:\Program Files\Java\jre1.8.0_271\bin\javaw.exe (not found)
Ignore:		1.008.000_271
Check:		SOFTWARE\JavaSoft\Java Runtime Environment\1.8.0_281
Check launcher:	C:\Program Files\Java\jre1.8.0_281\bin\javaw.exe (OK)
Match:		1.008.000_281
64-bit search:	SOFTWARE\JavaSoft\Java Development Kit...
Check:		SOFTWARE\JavaSoft\Java Development Kit\1.8
Ignore:		1.008.000
Check:		SOFTWARE\JavaSoft\Java Development Kit\1.8.0_261
Ignore:		1.008.000_261
Check:		SOFTWARE\JavaSoft\Java Development Kit\1.8.0_281
Ignore:		1.008.000_281
64-bit search:	SOFTWARE\JavaSoft\JRE...
64-bit search:	SOFTWARE\JavaSoft\JDK...
Check:		SOFTWARE\JavaSoft\JDK\13.0.2
Check launcher:	D:\java SE development 13\bin\javaw.exe (not found)
Ignore:		1.013.000_002
Runtime used:	1.008.000_281 (64-bit)
Launcher:	C:\Program Files\Java\jre1.8.0_281\bin\javaw.exe
Launcher args:	-jar "D:\CarCompany\src\main\exe_pictures\CarCompany.exe"
Args length:	57/32768 chars
Exit code:	0
